[ 2016-06-06T16:03:24+08:00 ] 10.114.18.181 /ImageCup/index.php/Home/Ver
INFO: [ app_init ] --START--
INFO: Run Behavior\BuildLiteBehavior [ RunTime:0.000018s ]
INFO: [ app_init ] --END-- [ RunTime:0.008380s ]
INFO: [ app_begin ] --START--
INFO: Run Behavior\ReadHtmlCacheBehavior [ RunTime:0.009310s ]
INFO: [ app_begin ] --END-- [ RunTime:0.009398s ]
NOTIC: [2] Missing argument 1 for Think\Controller::show(), called in C:\it\it\ImageCup\Application\Home\Controller\VerController.class.php on line 34 and defined C:\it\it\ImageCup\ThinkPHP\Library\Think\Controller.class.php 第 68 行.
NOTIC: [8] Undefined variable: content C:\it\it\ImageCup\ThinkPHP\Library\Think\Controller.class.php 第 69 行.
INFO: [ view_parse ] --START--
INFO: [ template_filter ] --START--
INFO: Run Behavior\ContentReplaceBehavior [ RunTime:0.000068s ]
INFO: [ template_filter ] --END-- [ RunTime:0.000153s ]
INFO: Run Behavior\ParseTemplateBehavior [ RunTime:0.050426s ]
INFO: [ view_parse ] --END-- [ RunTime:0.050511s ]
INFO: [ view_filter ] --START--
INFO: Run Behavior\WriteHtmlCacheBehavior [ RunTime:0.006133s ]
INFO: [ view_filter ] --END-- [ RunTime:0.006204s ]
INFO: [ app_end ] --START--
INFO: Run Behavior\ShowPageTraceBehavior [ RunTime:0.006903s ]
INFO: [ app_end ] --END-- [ RunTime:0.006974s ]

